<?xml version="1.0" encoding="UTF-8"?>
<!-- Generated by org.testng.reporters.JUnitXMLReporter -->
<testsuite ignored="2" hostname="NETCHAND-G2454" failures="0" tests="5" name="Car Loan" time="0.17" errors="0" timestamp="2020-11-23T13:18:41 IST">
  <testcase classname="test.Day3" name="MobileSingoutcarLoan" time="0.046"/>
  <testcase classname="test.Day3" name="MobileSingoutcarLoan" time="0.023"/>
  <testcase classname="test.Day3" name="MobileSingoutcarLoan" time="0.007"/>
  <testcase classname="test.Day3" name="WebloginCarLoan" time="0.01"/>
  <testcase classname="test.Day3" name="LoginAPICarLoan" time="0.002"/>
  <testcase classname="test.Day3" name="MobileSignincarLoan" time="0.0">
    <ignored/>
  </testcase> <!-- MobileSignincarLoan -->
  <testcase classname="test.Day3" name="MobileLogincarLoan" time="0.0">
    <ignored/>
  </testcase> <!-- MobileLogincarLoan -->
</testsuite> <!-- Car Loan -->
