<?xml version="1.0" encoding="UTF-8"?>
<!-- Generated by org.testng.reporters.JUnitXMLReporter -->
<testsuite ignored="8" hostname="NETCHAND-66FR8" failures="0" tests="3" name="Regression" time="0.046" errors="0" timestamp="2020-05-02T16:50:04 IST">
  <testcase classname="test.Day2" name="ploan" time="0.007"/>
  <testcase classname="test.Day3" name="MobileLogincarLoan" time="0.002"/>
  <testcase classname="test.Day4" name="MobileLoginHomeLoan" time="0.002"/>
  <testcase classname="test.Day4" name="LoginAPIHomeLoan" time="0.0">
    <ignored/>
  </testcase> <!-- LoginAPIHomeLoan -->
  <testcase classname="test.Day3" name="LoginAPICarLoan" time="0.0">
    <ignored/>
  </testcase> <!-- LoginAPICarLoan -->
  <testcase classname="test.Day3" name="MobileSignincarLoan" time="0.0">
    <ignored/>
  </testcase> <!-- MobileSignincarLoan -->
  <testcase classname="test.dayone1" name="SecondTest" time="0.0">
    <ignored/>
  </testcase> <!-- SecondTest -->
  <testcase classname="test.Day3" name="MobileSingoutcarLoan" time="0.0">
    <ignored/>
  </testcase> <!-- MobileSingoutcarLoan -->
  <testcase classname="test.Day3" name="WebloginCarLoan" time="0.0">
    <ignored/>
  </testcase> <!-- WebloginCarLoan -->
  <testcase classname="test.dayone1" name="Demo" time="0.0">
    <ignored/>
  </testcase> <!-- Demo -->
  <testcase classname="test.Day4" name="WebloginHomeLoan" time="0.0">
    <ignored/>
  </testcase> <!-- WebloginHomeLoan -->
</testsuite> <!-- Regression -->
